<?xml version="1.0" encoding="UTF-8"?>
<testng-results skipped="1" failed="0" total="1" passed="0">
  <reporter-output>
  </reporter-output>
  <suite name="Default suite" duration-ms="25" started-at="2021-01-05T17:18:04Z" finished-at="2021-01-05T17:18:04Z">
    <groups>
    </groups>
    <test name="Default test" duration-ms="25" started-at="2021-01-05T17:18:04Z" finished-at="2021-01-05T17:18:04Z">
      <class name="com.Shoppee.User.User_Shoppee">
        <test-method status="FAIL" signature="beforeClass(java.lang.String, java.lang.String)[pri:0, instance:com.Shoppee.User.User_Shoppee@6767c1fc]" name="beforeClass" is-config="true" duration-ms="0" started-at="2021-01-06T00:18:04Z" finished-at="2021-01-06T00:18:04Z">
          <exception class="org.testng.TestNGException">
            <message>
              <![CDATA[
Parameter 'browser' is required by @Configuration on method beforeClass but has not been marked @Optional or defined
in C:\Users\Admin\AppData\Local\Temp\testng-eclipse-1304874570\testng-customsuite.xml]]>
            </message>
            <full-stacktrace>
              <![CDATA[org.testng.TestNGException: 
Parameter 'browser' is required by @Configuration on method beforeClass but has not been marked @Optional or defined
in C:\Users\Admin\AppData\Local\Temp\testng-eclipse-1304874570\testng-customsuite.xml
	at org.testng.internal.Parameters.createParameters(Parameters.java:154)
	at org.testng.internal.Parameters.createParameters(Parameters.java:361)
	at org.testng.internal.Parameters.createConfigurationParameters(Parameters.java:84)
	at org.testng.internal.Invoker.invokeConfigurations(Invoker.java:201)
	at org.testng.internal.Invoker.invokeConfigurations(Invoker.java:142)
	at org.testng.internal.TestMethodWorker.invokeBeforeClassMethods(TestMethodWorker.java:178)
	at org.testng.internal.TestMethodWorker.run(TestMethodWorker.java:108)
	at org.testng.TestRunner.privateRun(TestRunner.java:782)
	at org.testng.TestRunner.run(TestRunner.java:632)
	at org.testng.SuiteRunner.runTest(SuiteRunner.java:366)
	at org.testng.SuiteRunner.runSequentially(SuiteRunner.java:361)
	at org.testng.SuiteRunner.privateRun(SuiteRunner.java:319)
	at org.testng.SuiteRunner.run(SuiteRunner.java:268)
	at org.testng.SuiteRunnerWorker.runSuite(SuiteRunnerWorker.java:52)
	at org.testng.SuiteRunnerWorker.run(SuiteRunnerWorker.java:86)
	at org.testng.TestNG.runSuitesSequentially(TestNG.java:1244)
	at org.testng.TestNG.runSuitesLocally(TestNG.java:1169)
	at org.testng.TestNG.run(TestNG.java:1064)
	at org.testng.remote.RemoteTestNG.run(RemoteTestNG.java:113)
	at org.testng.remote.RemoteTestNG.initAndRun(RemoteTestNG.java:206)
	at org.testng.remote.RemoteTestNG.main(RemoteTestNG.java:177)
]]>
            </full-stacktrace>
          </exception> <!-- org.testng.TestNGException -->
          <reporter-output>
          </reporter-output>
        </test-method> <!-- beforeClass -->
        <test-method status="SKIP" signature="TC_01_Search_With_Product_Name_Absolute()[pri:0, instance:com.Shoppee.User.User_Shoppee@6767c1fc]" name="TC_01_Search_With_Product_Name_Absolute" duration-ms="4" started-at="2021-01-06T00:18:04Z" finished-at="2021-01-06T00:18:04Z">
          <reporter-output>
          </reporter-output>
        </test-method> <!-- TC_01_Search_With_Product_Name_Absolute -->
      </class> <!-- com.Shoppee.User.User_Shoppee -->
    </test> <!-- Default test -->
  </suite> <!-- Default suite -->
</testng-results>
